<?xml version="1.0" encoding="UTF-8"?>
<testsuite xmlns:xsi="http://www.w3.org/2001/XMLSchema-instance" xsi:noNamespaceSchemaLocation="https://maven.apache.org/surefire/maven-surefire-plugin/xsd/surefire-test-report-3.0.xsd" version="3.0" name="com.ELS.eLibraray.eLibrarayTests" time="8.695" tests="1" errors="0" skipped="0" failures="0">
  <properties>
[...]
</properties>
  <testcase name="contextLoads" classname="com.ELS.eLibraray.eLibrarayTests" time="0.603">
    <system-out><![CDATA[18:55:48.202 [main] INFO org.springframework.boot.devtools.restart.RestartApplicationListener -- Restart disabled due to context in which it is running

  .   ____          _            __ _ _
 /\\ / ___'_ __ _ _(_)_ __  __ _ \ \ \ \
( ( )\___ | '_ | '_| | '_ \/ _` | \ \ \ \
 \\/  ___)| |_)| | | | | || (_| |  ) ) ) )
  '  |____| .__|_| |_|_| |_\__, | / / / /
 =========|_|==============|___/=/_/_/_/

 :: Spring Boot ::                (v3.3.9)

2025-03-20T18:55:48.628+05:30  INFO 7196 --- [eLibraray] [           main] com.ELS.eLibraray.eLibrarayTests         : Starting eLibrarayTests using Java 17.0.7 with PID 7196 (started by ashug in C:\Users\ashug\Documents\workspace-spring-tool-suite-4-4.19.0.RELEASE\eLibraray - JarProject\eLibraray)
2025-03-20T18:55:48.630+05:30  INFO 7196 --- [eLibraray] [           main] com.ELS.eLibraray.eLibrarayTests         : No active profile set, falling back to 1 default profile: "default"
2025-03-20T18:55:49.590+05:30  INFO 7196 --- [eLibraray] [           main] .s.d.r.c.RepositoryConfigurationDelegate : Bootstrapping Spring Data JPA repositories in DEFAULT mode.
2025-03-20T18:55:49.704+05:30  INFO 7196 --- [eLibraray] [           main] .s.d.r.c.RepositoryConfigurationDelegate : Finished Spring Data repository scanning in 101 ms. Found 6 JPA repository interfaces.
2025-03-20T18:55:50.379+05:30  INFO 7196 --- [eLibraray] [           main] o.hibernate.jpa.internal.util.LogHelper  : HHH000204: Processing PersistenceUnitInfo [name: default]
2025-03-20T18:55:50.475+05:30  INFO 7196 --- [eLibraray] [           main] org.hibernate.Version                    : HHH000412: Hibernate ORM core version 6.5.3.Final
2025-03-20T18:55:50.528+05:30  INFO 7196 --- [eLibraray] [           main] o.h.c.internal.RegionFactoryInitiator    : HHH000026: Second-level cache disabled
2025-03-20T18:55:50.684+05:30 DEBUG 7196 --- [eLibraray] [           main] org.hibernate.type.BasicTypeRegistry     : Adding type registration boolean -> org.hibernate.type.BasicTypeReference@4a22e4d7
2025-03-20T18:55:50.685+05:30 DEBUG 7196 --- [eLibraray] [           main] org.hibernate.type.BasicTypeRegistry     : Adding type registration boolean -> org.hibernate.type.BasicTypeReference@4a22e4d7
2025-03-20T18:55:50.685+05:30 DEBUG 7196 --- [eLibraray] [           main] org.hibernate.type.BasicTypeRegistry     : Adding type registration java.lang.Boolean -> org.hibernate.type.BasicTypeReference@4a22e4d7
2025-03-20T18:55:50.685+05:30 DEBUG 7196 --- [eLibraray] [           main] org.hibernate.type.BasicTypeRegistry     : Adding type registration numeric_boolean -> org.hibernate.type.BasicTypeReference@d8835af
2025-03-20T18:55:50.685+05:30 DEBUG 7196 --- [eLibraray] [           main] org.hibernate.type.BasicTypeRegistry     : Adding type registration org.hibernate.type.NumericBooleanConverter -> org.hibernate.type.BasicTypeReference@d8835af
2025-03-20T18:55:50.685+05:30 DEBUG 7196 --- [eLibraray] [           main] org.hibernate.type.BasicTypeRegistry     : Adding type registration true_false -> org.hibernate.type.BasicTypeReference@16681017
2025-03-20T18:55:50.686+05:30 DEBUG 7196 --- [eLibraray] [           main] org.hibernate.type.BasicTypeRegistry     : Adding type registration org.hibernate.type.TrueFalseConverter -> org.hibernate.type.BasicTypeReference@16681017
2025-03-20T18:55:50.686+05:30 DEBUG 7196 --- [eLibraray] [           main] org.hibernate.type.BasicTypeRegistry     : Adding type registration yes_no -> org.hibernate.type.BasicTypeReference@6aae0e6f
2025-03-20T18:55:50.686+05:30 DEBUG 7196 --- [eLibraray] [           main] org.hibernate.type.BasicTypeRegistry     : Adding type registration org.hibernate.type.YesNoConverter -> org.hibernate.type.BasicTypeReference@6aae0e6f
2025-03-20T18:55:50.686+05:30 DEBUG 7196 --- [eLibraray] [           main] org.hibernate.type.BasicTypeRegistry     : Adding type registration byte -> org.hibernate.type.BasicTypeReference@37775bb1
2025-03-20T18:55:50.686+05:30 DEBUG 7196 --- [eLibraray] [           main] org.hibernate.type.BasicTypeRegistry     : Adding type registration byte -> org.hibernate.type.BasicTypeReference@37775bb1
2025-03-20T18:55:50.686+05:30 DEBUG 7196 --- [eLibraray] [           main] org.hibernate.type.BasicTypeRegistry     : Adding type registration java.lang.Byte -> org.hibernate.type.BasicTypeReference@37775bb1
2025-03-20T18:55:50.687+05:30 DEBUG 7196 --- [eLibraray] [           main] org.hibernate.type.BasicTypeRegistry     : Adding type registration binary -> org.hibernate.type.BasicTypeReference@7b9e25bd
2025-03-20T18:55:50.687+05:30 DEBUG 7196 --- [eLibraray] [           main] org.hibernate.type.BasicTypeRegistry     : Adding type registration byte[] -> org.hibernate.type.BasicTypeReference@7b9e25bd
2025-03-20T18:55:50.687+05:30 DEBUG 7196 --- [eLibraray] [           main] org.hibernate.type.BasicTypeRegistry     : Adding type registration [B -> org.hibernate.type.BasicTypeReference@7b9e25bd
2025-03-20T18:55:50.687+05:30 DEBUG 7196 --- [eLibraray] [           main] org.hibernate.type.BasicTypeRegistry     : Adding type registration binary_wrapper -> org.hibernate.type.BasicTypeReference@3a40bb52
2025-03-20T18:55:50.687+05:30 DEBUG 7196 --- [eLibraray] [           main] org.hibernate.type.BasicTypeRegistry     : Adding type registration wrapper-binary -> org.hibernate.type.BasicTypeReference@3a40bb52
2025-03-20T18:55:50.687+05:30 DEBUG 7196 --- [eLibraray] [           main] org.hibernate.type.BasicTypeRegistry     : Adding type registration image -> org.hibernate.type.BasicTypeReference@3079c26a
2025-03-20T18:55:50.688+05:30 DEBUG 7196 --- [eLibraray] [           main] org.hibernate.type.BasicTypeRegistry     : Adding type registration blob -> org.hibernate.type.BasicTypeReference@1e2445f6
2025-03-20T18:55:50.688+05:30 DEBUG 7196 --- [eLibraray] [           main] org.hibernate.type.BasicTypeRegistry     : Adding type registration java.sql.Blob -> org.hibernate.type.BasicTypeReference@1e2445f6
2025-03-20T18:55:50.688+05:30 DEBUG 7196 --- [eLibraray] [           main] org.hibernate.type.BasicTypeRegistry     : Adding type registration materialized_blob -> org.hibernate.type.BasicTypeReference@17ec335a
2025-03-20T18:55:50.688+05:30 DEBUG 7196 --- [eLibraray] [           main] org.hibernate.type.BasicTypeRegistry     : Adding type registration materialized_blob_wrapper -> org.hibernate.type.BasicTypeReference@284990de
2025-03-20T18:55:50.688+05:30 DEBUG 7196 --- [eLibraray] [           main] org.hibernate.type.BasicTypeRegistry     : Adding type registration short -> org.hibernate.type.BasicTypeReference@565d7d2f
2025-03-20T18:55:50.689+05:30 DEBUG 7196 --- [eLibraray] [           main] org.hibernate.type.BasicTypeRegistry     : Adding type registration short -> org.hibernate.type.BasicTypeReference@565d7d2f
2025-03-20T18:55:50.689+05:30 DEBUG 7196 --- [eLibraray] [           main] org.hibernate.type.BasicTypeRegistry     : Adding type registration java.lang.Short -> org.hibernate.type.BasicTypeReference@565d7d2f
2025-03-20T18:55:50.689+05:30 DEBUG 7196 --- [eLibraray] [           main] org.hibernate.type.BasicTypeRegistry     : Adding type registration integer -> org.hibernate.type.BasicTypeReference@6aea99e7
2025-03-20T18:55:50.689+05:30 DEBUG 7196 --- [eLibraray] [           main] org.hibernate.type.BasicTypeRegistry     : Adding type registration int -> org.hibernate.type.BasicTypeReference@6aea99e7
2025-03-20T18:55:50.689+05:30 DEBUG 7196 --- [eLibraray] [           main] org.hibernate.type.BasicTypeRegistry     : Adding type registration java.lang.Integer -> org.hibernate.type.BasicTypeReference@6aea99e7
2025-03-20T18:55:50.689+05:30 DEBUG 7196 --- [eLibraray] [           main] org.hibernate.type.BasicTypeRegistry     : Adding type registration long -> org.hibernate.type.BasicTypeReference@1c6a0103
2025-03-20T18:55:50.689+05:30 DEBUG 7196 --- [eLibraray] [           main] org.hibernate.type.BasicTypeRegistry     : Adding type registration long -> org.hibernate.type.BasicTypeReference@1c6a0103
2025-03-20T18:55:50.689+05:30 DEBUG 7196 --- [eLibraray] [           main] org.hibernate.type.BasicTypeRegistry     : Adding type registration java.lang.Long -> org.hibernate.type.BasicTypeReference@1c6a0103
2025-03-20T18:55:50.690+05:30 DEBUG 7196 --- [eLibraray] [           main] org.hibernate.type.BasicTypeRegistry     : Adding type registration float -> org.hibernate.type.BasicTypeReference@7841bd30
2025-03-20T18:55:50.690+05:30 DEBUG 7196 --- [eLibraray] [           main] org.hibernate.type.BasicTypeRegistry     : Adding type registration float -> org.hibernate.type.BasicTypeReference@7841bd30
2025-03-20T18:55:50.690+05:30 DEBUG 7196 --- [eLibraray] [           main] org.hibernate.type.BasicTypeRegistry     : Adding type registration java.lang.Float -> org.hibernate.type.BasicTypeReference@7841bd30
2025-03-20T18:55:50.690+05:30 DEBUG 7196 --- [eLibraray] [           main] org.hibernate.type.BasicTypeRegistry     : Adding type registration double -> org.hibernate.type.BasicTypeReference@45c80312
2025-03-20T18:55:50.690+05:30 DEBUG 7196 --- [eLibraray] [           main] org.hibernate.type.BasicTypeRegistry     : Adding type registration double -> org.hibernate.type.BasicTypeReference@45c80312
2025-03-20T18:55:50.690+05:30 DEBUG 7196 --- [eLibraray] [           main] org.hibernate.type.BasicTypeRegistry     : Adding type registration java.lang.Double -> org.hibernate.type.BasicTypeReference@45c80312
2025-03-20T18:55:50.690+05:30 DEBUG 7196 --- [eLibraray] [           main] org.hibernate.type.BasicTypeRegistry     : Adding type registration big_integer -> org.hibernate.type.BasicTypeReference@7bd38fed
2025-03-20T18:55:50.690+05:30 DEBUG 7196 --- [eLibraray] [           main] org.hibernate.type.BasicTypeRegistry     : Adding type registration java.math.BigInteger -> org.hibernate.type.BasicTypeReference@7bd38fed
2025-03-20T18:55:50.691+05:30 DEBUG 7196 --- [eLibraray] [           main] org.hibernate.type.BasicTypeRegistry     : Adding type registration big_decimal -> org.hibernate.type.BasicTypeReference@377dfb8d
2025-03-20T18:55:50.691+05:30 DEBUG 7196 --- [eLibraray] [           main] org.hibernate.type.BasicTypeRegistry     : Adding type registration java.math.BigDecimal -> org.hibernate.type.BasicTypeReference@377dfb8d
2025-03-20T18:55:50.691+05:30 DEBUG 7196 --- [eLibraray] [           main] org.hibernate.type.BasicTypeRegistry     : Adding type registration character -> org.hibernate.type.BasicTypeReference@42a0786f
2025-03-20T18:55:50.691+05:30 DEBUG 7196 --- [eLibraray] [           main] org.hibernate.type.BasicTypeRegistry     : Adding type registration char -> org.hibernate.type.BasicTypeReference@42a0786f
2025-03-20T18:55:50.691+05:30 DEBUG 7196 --- [eLibraray] [           main] org.hibernate.type.BasicTypeRegistry     : Adding type registration java.lang.Character -> org.hibernate.type.BasicTypeReference@42a0786f
2025-03-20T18:55:50.691+05:30 DEBUG 7196 --- [eLibraray] [           main] org.hibernate.type.BasicTypeRegistry     : Adding type registration character_nchar -> org.hibernate.type.BasicTypeReference@477523ba
2025-03-20T18:55:50.691+05:30 DEBUG 7196 --- [eLibraray] [           main] org.hibernate.type.BasicTypeRegistry     : Adding type registration string -> org.hibernate.type.BasicTypeReference@203e705e
2025-03-20T18:55:50.692+05:30 DEBUG 7196 --- [eLibraray] [           main] org.hibernate.type.BasicTypeRegistry     : Adding type registration java.lang.String -> org.hibernate.type.BasicTypeReference@203e705e
2025-03-20T18:55:50.692+05:30 DEBUG 7196 --- [eLibraray] [           main] org.hibernate.type.BasicTypeRegistry     : Adding type registration nstring -> org.hibernate.type.BasicTypeReference@78c74647
2025-03-20T18:55:50.692+05:30 DEBUG 7196 --- [eLibraray] [           main] org.hibernate.type.BasicTypeRegistry     : Adding type registration characters -> org.hibernate.type.BasicTypeReference@39652a30
2025-03-20T18:55:50.692+05:30 DEBUG 7196 --- [eLibraray] [           main] org.hibernate.type.BasicTypeRegistry     : Adding type registration char[] -> org.hibernate.type.BasicTypeReference@39652a30
2025-03-20T18:55:50.692+05:30 DEBUG 7196 --- [eLibraray] [           main] org.hibernate.type.BasicTypeRegistry     : Adding type registration [C -> org.hibernate.type.BasicTypeReference@39652a30
2025-03-20T18:55:50.692+05:30 DEBUG 7196 --- [eLibraray] [           main] org.hibernate.type.BasicTypeRegistry     : Adding type registration wrapper-characters -> org.hibernate.type.BasicTypeReference@5763a655
2025-03-20T18:55:50.692+05:30 DEBUG 7196 --- [eLibraray] [           main] org.hibernate.type.BasicTypeRegistry     : Adding type registration text -> org.hibernate.type.BasicTypeReference@40c8067
2025-03-20T18:55:50.692+05:30 DEBUG 7196 --- [eLibraray] [           main] org.hibernate.type.BasicTypeRegistry     : Adding type registration ntext -> org.hibernate.type.BasicTypeReference@46bb0bdf
2025-03-20T18:55:50.692+05:30 DEBUG 7196 --- [eLibraray] [           main] org.hibernate.type.BasicTypeRegistry     : Adding type registration clob -> org.hibernate.type.BasicTypeReference@561f9d92
2025-03-20T18:55:50.693+05:30 DEBUG 7196 --- [eLibraray] [           main] org.hibernate.type.BasicTypeRegistry     : Adding type registration java.sql.Clob -> org.hibernate.type.BasicTypeReference@561f9d92
2025-03-20T18:55:50.693+05:30 DEBUG 7196 --- [eLibraray] [           main] org.hibernate.type.BasicTypeRegistry     : Adding type registration nclob -> org.hibernate.type.BasicTypeReference@1c84d80a
2025-03-20T18:55:50.693+05:30 DEBUG 7196 --- [eLibraray] [           main] org.hibernate.type.BasicTypeRegistry     : Adding type registration java.sql.NClob -> org.hibernate.type.BasicTypeReference@1c84d80a
2025-03-20T18:55:50.693+05:30 DEBUG 7196 --- [eLibraray] [           main] org.hibernate.type.BasicTypeRegistry     : Adding type registration materialized_clob -> org.hibernate.type.BasicTypeReference@7ceb6c45
2025-03-20T18:55:50.693+05:30 DEBUG 7196 --- [eLibraray] [           main] org.hibernate.type.BasicTypeRegistry     : Adding type registration materialized_clob_char_array -> org.hibernate.type.BasicTypeReference@629075f4
2025-03-20T18:55:50.693+05:30 DEBUG 7196 --- [eLibraray] [           main] org.hibernate.type.BasicTypeRegistry     : Adding type registration materialized_clob_character_array -> org.hibernate.type.BasicTypeReference@48499739
2025-03-20T18:55:50.693+05:30 DEBUG 7196 --- [eLibraray] [           main] org.hibernate.type.BasicTypeRegistry     : Adding type registration materialized_nclob -> org.hibernate.type.BasicTypeReference@723742b2
2025-03-20T18:55:50.693+05:30 DEBUG 7196 --- [eLibraray] [           main] org.hibernate.type.BasicTypeRegistry     : Adding type registration materialized_nclob_character_array -> org.hibernate.type.BasicTypeReference@559991f5
2025-03-20T18:55:50.693+05:30 DEBUG 7196 --- [eLibraray] [           main] org.hibernate.type.BasicTypeRegistry     : Adding type registration materialized_nclob_char_array -> org.hibernate.type.BasicTypeReference@34c76167
2025-03-20T18:55:50.694+05:30 DEBUG 7196 --- [eLibraray] [           main] org.hibernate.type.BasicTypeRegistry     : Adding type registration Duration -> org.hibernate.type.BasicTypeReference@30b3d899
2025-03-20T18:55:50.694+05:30 DEBUG 7196 --- [eLibraray] [           main] org.hibernate.type.BasicTypeRegistry     : Adding type registration java.time.Duration -> org.hibernate.type.BasicTypeReference@30b3d899
2025-03-20T18:55:50.694+05:30 DEBUG 7196 --- [eLibraray] [           main] org.hibernate.type.BasicTypeRegistry     : Adding type registration LocalDateTime -> org.hibernate.type.BasicTypeReference@78d92eef
2025-03-20T18:55:50.694+05:30 DEBUG 7196 --- [eLibraray] [           main] org.hibernate.type.BasicTypeRegistry     : Adding type registration java.time.LocalDateTime -> org.hibernate.type.BasicTypeReference@78d92eef
2025-03-20T18:55:50.694+05:30 DEBUG 7196 --- [eLibraray] [           main] org.hibernate.type.BasicTypeRegistry     : Adding type registration LocalDate -> org.hibernate.type.BasicTypeReference@61d60e38
2025-03-20T18:55:50.694+05:30 DEBUG 7196 --- [eLibraray] [           main] org.hibernate.type.BasicTypeRegistry     : Adding type registration java.time.LocalDate -> org.hibernate.type.BasicTypeReference@61d60e38
2025-03-20T18:55:50.694+05:30 DEBUG 7196 --- [eLibraray] [           main] org.hibernate.type.BasicTypeRegistry     : Adding type registration LocalTime -> org.hibernate.type.BasicTypeReference@6e95973c
2025-03-20T18:55:50.694+05:30 DEBUG 7196 --- [eLibraray] [           main] org.hibernate.type.BasicTypeRegistry     : Adding type registration java.time.LocalTime -> org.hibernate.type.BasicTypeReference@6e95973c
2025-03-20T18:55:50.694+05:30 DEBUG 7196 --- [eLibraray] [           main] org.hibernate.type.BasicTypeRegistry     : Adding type registration OffsetDateTime -> org.hibernate.type.BasicTypeReference@404ced67
2025-03-20T18:55:50.695+05:30 DEBUG 7196 --- [eLibraray] [           main] org.hibernate.type.BasicTypeRegistry     : Adding type registration java.time.OffsetDateTime -> org.hibernate.type.BasicTypeReference@404ced67
2025-03-20T18:55:50.695+05:30 DEBUG 7196 --- [eLibraray] [           main] org.hibernate.type.BasicTypeRegistry     : Adding type registration OffsetDateTimeWithTimezone -> org.hibernate.type.BasicTypeReference@71531dd7
2025-03-20T18:55:50.695+05:30 DEBUG 7196 --- [eLibraray] [           main] org.hibernate.type.BasicTypeRegistry     : Adding type registration OffsetDateTimeWithoutTimezone -> org.hibernate.type.BasicTypeReference@20256a0b
2025-03-20T18:55:50.695+05:30 DEBUG 7196 --- [eLibraray] [           main] org.hibernate.type.BasicTypeRegistry     : Adding type registration OffsetTime -> org.hibernate.type.BasicTypeReference@624b3544
2025-03-20T18:55:50.695+05:30 DEBUG 7196 --- [eLibraray] [           main] org.hibernate.type.BasicTypeRegistry     : Adding type registration java.time.OffsetTime -> org.hibernate.type.BasicTypeReference@624b3544
2025-03-20T18:55:50.695+05:30 DEBUG 7196 --- [eLibraray] [           main] org.hibernate.type.BasicTypeRegistry     : Adding type registration OffsetTimeUtc -> org.hibernate.type.BasicTypeReference@454bcbbf
2025-03-20T18:55:50.695+05:30 DEBUG 7196 --- [eLibraray] [           main] org.hibernate.type.BasicTypeRegistry     : Adding type registration OffsetTimeWithTimezone -> org.hibernate.type.BasicTypeReference@2c9fdb64
2025-03-20T18:55:50.695+05:30 DEBUG 7196 --- [eLibraray] [           main] org.hibernate.type.BasicTypeRegistry     : Adding type registration OffsetTimeWithoutTimezone -> org.hibernate.type.BasicTypeReference@27e199ce
2025-03-20T18:55:50.695+05:30 DEBUG 7196 --- [eLibraray] [           main] org.hibernate.type.BasicTypeRegistry     : Adding type registration ZonedDateTime -> org.hibernate.type.BasicTypeReference@1c3b6963
2025-03-20T18:55:50.696+05:30 DEBUG 7196 --- [eLibraray] [           main] org.hibernate.type.BasicTypeRegistry     : Adding type registration java.time.ZonedDateTime -> org.hibernate.type.BasicTypeReference@1c3b6963
2025-03-20T18:55:50.696+05:30 DEBUG 7196 --- [eLibraray] [           main] org.hibernate.type.BasicTypeRegistry     : Adding type registration ZonedDateTimeWithTimezone -> org.hibernate.type.BasicTypeReference@7364f68
2025-03-20T18:55:50.696+05:30 DEBUG 7196 --- [eLibraray] [           main] org.hibernate.type.BasicTypeRegistry     : Adding type registration ZonedDateTimeWithoutTimezone -> org.hibernate.type.BasicTypeReference@55a0f011
2025-03-20T18:55:50.696+05:30 DEBUG 7196 --- [eLibraray] [           main] org.hibernate.type.BasicTypeRegistry     : Adding type registration date -> org.hibernate.type.BasicTypeReference@7ea42c82
2025-03-20T18:55:50.696+05:30 DEBUG 7196 --- [eLibraray] [           main] org.hibernate.type.BasicTypeRegistry     : Adding type registration java.sql.Date -> org.hibernate.type.BasicTypeReference@7ea42c82
2025-03-20T18:55:50.696+05:30 DEBUG 7196 --- [eLibraray] [           main] org.hibernate.type.BasicTypeRegistry     : Adding type registration time -> org.hibernate.type.BasicTypeReference@39133244
2025-03-20T18:55:50.696+05:30 DEBUG 7196 --- [eLibraray] [           main] org.hibernate.type.BasicTypeRegistry     : Adding type registration java.sql.Time -> org.hibernate.type.BasicTypeReference@39133244
2025-03-20T18:55:50.696+05:30 DEBUG 7196 --- [eLibraray] [           main] org.hibernate.type.BasicTypeRegistry     : Adding type registration timestamp -> org.hibernate.type.BasicTypeReference@ceb7701
2025-03-20T18:55:50.696+05:30 DEBUG 7196 --- [eLibraray] [           main] org.hibernate.type.BasicTypeRegistry     : Adding type registration java.sql.Timestamp -> org.hibernate.type.BasicTypeReference@ceb7701
2025-03-20T18:55:50.697+05:30 DEBUG 7196 --- [eLibraray] [           main] org.hibernate.type.BasicTypeRegistry     : Adding type registration java.util.Date -> org.hibernate.type.BasicTypeReference@ceb7701
2025-03-20T18:55:50.697+05:30 DEBUG 7196 --- [eLibraray] [           main] org.hibernate.type.BasicTypeRegistry     : Adding type registration calendar -> org.hibernate.type.BasicTypeReference@5e193ef5
2025-03-20T18:55:50.697+05:30 DEBUG 7196 --- [eLibraray] [           main] org.hibernate.type.BasicTypeRegistry     : Adding type registration java.util.Calendar -> org.hibernate.type.BasicTypeReference@5e193ef5
2025-03-20T18:55:50.697+05:30 DEBUG 7196 --- [eLibraray] [           main] org.hibernate.type.BasicTypeRegistry     : Adding type registration java.util.GregorianCalendar -> org.hibernate.type.BasicTypeReference@5e193ef5
2025-03-20T18:55:50.697+05:30 DEBUG 7196 --- [eLibraray] [           main] org.hibernate.type.BasicTypeRegistry     : Adding type registration calendar_date -> org.hibernate.type.BasicTypeReference@106c988
2025-03-20T18:55:50.697+05:30 DEBUG 7196 --- [eLibraray] [           main] org.hibernate.type.BasicTypeRegistry     : Adding type registration calendar_time -> org.hibernate.type.BasicTypeReference@21274afe
2025-03-20T18:55:50.697+05:30 DEBUG 7196 --- [eLibraray] [           main] org.hibernate.type.BasicTypeRegistry     : Adding type registration instant -> org.hibernate.type.BasicTypeReference@76a362a4
2025-03-20T18:55:50.697+05:30 DEBUG 7196 --- [eLibraray] [           main] org.hibernate.type.BasicTypeRegistry     : Adding type registration java.time.Instant -> org.hibernate.type.BasicTypeReference@76a362a4
2025-03-20T18:55:50.698+05:30 DEBUG 7196 --- [eLibraray] [           main] org.hibernate.type.BasicTypeRegistry     : Adding type registration uuid -> org.hibernate.type.BasicTypeReference@61da0413
2025-03-20T18:55:50.698+05:30 DEBUG 7196 --- [eLibraray] [           main] org.hibernate.type.BasicTypeRegistry     : Adding type registration java.util.UUID -> org.hibernate.type.BasicTypeReference@61da0413
2025-03-20T18:55:50.698+05:30 DEBUG 7196 --- [eLibraray] [           main] org.hibernate.type.BasicTypeRegistry     : Adding type registration pg-uuid -> org.hibernate.type.BasicTypeReference@61da0413
2025-03-20T18:55:50.698+05:30 DEBUG 7196 --- [eLibraray] [           main] org.hibernate.type.BasicTypeRegistry     : Adding type registration uuid-binary -> org.hibernate.type.BasicTypeReference@5627cb29
2025-03-20T18:55:50.698+05:30 DEBUG 7196 --- [eLibraray] [           main] org.hibernate.type.BasicTypeRegistry     : Adding type registration uuid-char -> org.hibernate.type.BasicTypeReference@4d4c1ba9
2025-03-20T18:55:50.698+05:30 DEBUG 7196 --- [eLibraray] [           main] org.hibernate.type.BasicTypeRegistry     : Adding type registration class -> org.hibernate.type.BasicTypeReference@2017f6e6
2025-03-20T18:55:50.698+05:30 DEBUG 7196 --- [eLibraray] [           main] org.hibernate.type.BasicTypeRegistry     : Adding type registration java.lang.Class -> org.hibernate.type.BasicTypeReference@2017f6e6
2025-03-20T18:55:50.698+05:30 DEBUG 7196 --- [eLibraray] [           main] org.hibernate.type.BasicTypeRegistry     : Adding type registration currency -> org.hibernate.type.BasicTypeReference@115c946b
2025-03-20T18:55:50.698+05:30 DEBUG 7196 --- [eLibraray] [           main] org.hibernate.type.BasicTypeRegistry     : Adding type registration Currency -> org.hibernate.type.BasicTypeReference@115c946b
2025-03-20T18:55:50.698+05:30 DEBUG 7196 --- [eLibraray] [           main] org.hibernate.type.BasicTypeRegistry     : Adding type registration java.util.Currency -> org.hibernate.type.BasicTypeReference@115c946b
2025-03-20T18:55:50.699+05:30 DEBUG 7196 --- [eLibraray] [           main] org.hibernate.type.BasicTypeRegistry     : Adding type registration locale -> org.hibernate.type.BasicTypeReference@79ca7bea
2025-03-20T18:55:50.699+05:30 DEBUG 7196 --- [eLibraray] [           main] org.hibernate.type.BasicTypeRegistry     : Adding type registration java.util.Locale -> org.hibernate.type.BasicTypeReference@79ca7bea
2025-03-20T18:55:50.699+05:30 DEBUG 7196 --- [eLibraray] [           main] org.hibernate.type.BasicTypeRegistry     : Adding type registration serializable -> org.hibernate.type.BasicTypeReference@54f6b629
2025-03-20T18:55:50.699+05:30 DEBUG 7196 --- [eLibraray] [           main] org.hibernate.type.BasicTypeRegistry     : Adding type registration java.io.Serializable -> org.hibernate.type.BasicTypeReference@54f6b629
2025-03-20T18:55:50.699+05:30 DEBUG 7196 --- [eLibraray] [           main] org.hibernate.type.BasicTypeRegistry     : Adding type registration timezone -> org.hibernate.type.BasicTypeReference@4bc9ca97
2025-03-20T18:55:50.699+05:30 DEBUG 7196 --- [eLibraray] [           main] org.hibernate.type.BasicTypeRegistry     : Adding type registration java.util.TimeZone -> org.hibernate.type.BasicTypeReference@4bc9ca97
2025-03-20T18:55:50.699+05:30 DEBUG 7196 --- [eLibraray] [           main] org.hibernate.type.BasicTypeRegistry     : Adding type registration ZoneOffset -> org.hibernate.type.BasicTypeReference@3e43f049
2025-03-20T18:55:50.699+05:30 DEBUG 7196 --- [eLibraray] [           main] org.hibernate.type.BasicTypeRegistry     : Adding type registration java.time.ZoneOffset -> org.hibernate.type.BasicTypeReference@3e43f049
2025-03-20T18:55:50.699+05:30 DEBUG 7196 --- [eLibraray] [           main] org.hibernate.type.BasicTypeRegistry     : Adding type registration url -> org.hibernate.type.BasicTypeReference@147cc940
2025-03-20T18:55:50.699+05:30 DEBUG 7196 --- [eLibraray] [           main] org.hibernate.type.BasicTypeRegistry     : Adding type registration java.net.URL -> org.hibernate.type.BasicTypeReference@147cc940
2025-03-20T18:55:50.699+05:30 DEBUG 7196 --- [eLibraray] [           main] org.hibernate.type.BasicTypeRegistry     : Adding type registration vector -> org.hibernate.type.BasicTypeReference@755a7218
2025-03-20T18:55:50.699+05:30 DEBUG 7196 --- [eLibraray] [           main] org.hibernate.type.BasicTypeRegistry     : Adding type registration row_version -> org.hibernate.type.BasicTypeReference@70c29356
2025-03-20T18:55:50.705+05:30 DEBUG 7196 --- [eLibraray] [           main] org.hibernate.type.BasicTypeRegistry     : Adding type registration object -> org.hibernate.type.JavaObjectType@1edfedf1
2025-03-20T18:55:50.705+05:30 DEBUG 7196 --- [eLibraray] [           main] org.hibernate.type.BasicTypeRegistry     : Adding type registration java.lang.Object -> org.hibernate.type.JavaObjectType@1edfedf1
2025-03-20T18:55:50.706+05:30 DEBUG 7196 --- [eLibraray] [           main] org.hibernate.type.BasicTypeRegistry     : Adding type registration null -> org.hibernate.type.NullType@7be94cd6
2025-03-20T18:55:50.706+05:30 DEBUG 7196 --- [eLibraray] [           main] org.hibernate.type.BasicTypeRegistry     : Adding type registration imm_date -> org.hibernate.type.BasicTypeReference@20cff21e
2025-03-20T18:55:50.706+05:30 DEBUG 7196 --- [eLibraray] [           main] org.hibernate.type.BasicTypeRegistry     : Adding type registration imm_time -> org.hibernate.type.BasicTypeReference@463045fb
2025-03-20T18:55:50.706+05:30 DEBUG 7196 --- [eLibraray] [           main] org.hibernate.type.BasicTypeRegistry     : Adding type registration imm_timestamp -> org.hibernate.type.BasicTypeReference@27ab206
2025-03-20T18:55:50.706+05:30 DEBUG 7196 --- [eLibraray] [           main] org.hibernate.type.BasicTypeRegistry     : Adding type registration imm_calendar -> org.hibernate.type.BasicTypeReference@3344d163
2025-03-20T18:55:50.706+05:30 DEBUG 7196 --- [eLibraray] [           main] org.hibernate.type.BasicTypeRegistry     : Adding type registration imm_calendar_date -> org.hibernate.type.BasicTypeReference@6cc48a17
2025-03-20T18:55:50.706+05:30 DEBUG 7196 --- [eLibraray] [           main] org.hibernate.type.BasicTypeRegistry     : Adding type registration imm_calendar_time -> org.hibernate.type.BasicTypeReference@289f15e9
2025-03-20T18:55:50.707+05:30 DEBUG 7196 --- [eLibraray] [           main] org.hibernate.type.BasicTypeRegistry     : Adding type registration imm_binary -> org.hibernate.type.BasicTypeReference@7f22687e
2025-03-20T18:55:50.707+05:30 DEBUG 7196 --- [eLibraray] [           main] org.hibernate.type.BasicTypeRegistry     : Adding type registration imm_serializable -> org.hibernate.type.BasicTypeReference@6af87130
2025-03-20T18:55:50.998+05:30  INFO 7196 --- [eLibraray] [           main] o.s.o.j.p.SpringPersistenceUnitInfo      : No LoadTimeWeaver setup: ignoring JPA class transformer
2025-03-20T18:55:51.042+05:30  INFO 7196 --- [eLibraray] [           main] com.zaxxer.hikari.HikariDataSource       : HikariPool-1 - Starting...
2025-03-20T18:55:51.455+05:30  INFO 7196 --- [eLibraray] [           main] com.zaxxer.hikari.pool.HikariPool        : HikariPool-1 - Added connection com.mysql.cj.jdbc.ConnectionImpl@7c3c3d67
2025-03-20T18:55:51.458+05:30  INFO 7196 --- [eLibraray] [           main] com.zaxxer.hikari.HikariDataSource       : HikariPool-1 - Start completed.
2025-03-20T18:55:51.513+05:30  WARN 7196 --- [eLibraray] [           main] org.hibernate.orm.deprecation            : HHH90000025: MySQLDialect does not need to be specified explicitly using 'hibernate.dialect' (remove the property setting and it will be selected by default)
2025-03-20T18:55:51.535+05:30 DEBUG 7196 --- [eLibraray] [           main] o.h.t.d.sql.spi.DdlTypeRegistry          : addDescriptor(12, org.hibernate.type.descriptor.sql.internal.CapacityDependentDdlType@13404f75) replaced previous registration(org.hibernate.type.descriptor.sql.internal.CapacityDependentDdlType@6cc90398)
2025-03-20T18:55:51.536+05:30 DEBUG 7196 --- [eLibraray] [           main] o.h.t.d.sql.spi.DdlTypeRegistry          : addDescriptor(-9, org.hibernate.type.descriptor.sql.internal.CapacityDependentDdlType@6b6fd0) replaced previous registration(org.hibernate.type.descriptor.sql.internal.CapacityDependentDdlType@3d718248)
2025-03-20T18:55:51.536+05:30 DEBUG 7196 --- [eLibraray] [           main] o.h.t.d.sql.spi.DdlTypeRegistry          : addDescriptor(-3, org.hibernate.type.descriptor.sql.internal.CapacityDependentDdlType@2cdb5974) replaced previous registration(org.hibernate.type.descriptor.sql.internal.CapacityDependentDdlType@8aa5ab4)
2025-03-20T18:55:51.536+05:30 DEBUG 7196 --- [eLibraray] [           main] o.h.t.d.sql.spi.DdlTypeRegistry          : addDescriptor(4003, org.hibernate.type.descriptor.sql.internal.DdlTypeImpl@53e4a19e) replaced previous registration(org.hibernate.type.descriptor.sql.internal.DdlTypeImpl@62360a68)
2025-03-20T18:55:51.536+05:30 DEBUG 7196 --- [eLibraray] [           main] o.h.t.d.sql.spi.DdlTypeRegistry          : addDescriptor(4001, org.hibernate.type.descriptor.sql.internal.DdlTypeImpl@1450ffa3) replaced previous registration(org.hibernate.type.descriptor.sql.internal.DdlTypeImpl@4e756867)
2025-03-20T18:55:51.537+05:30 DEBUG 7196 --- [eLibraray] [           main] o.h.t.d.sql.spi.DdlTypeRegistry          : addDescriptor(4002, org.hibernate.type.descriptor.sql.internal.DdlTypeImpl@38ebc866) replaced previous registration(org.hibernate.type.descriptor.sql.internal.DdlTypeImpl@6adcf059)
2025-03-20T18:55:51.537+05:30 DEBUG 7196 --- [eLibraray] [           main] o.h.t.d.sql.spi.DdlTypeRegistry          : addDescriptor(2004, org.hibernate.type.descriptor.sql.internal.CapacityDependentDdlType@7962a746) replaced previous registration(org.hibernate.type.descriptor.sql.internal.DdlTypeImpl@1c31de5d)
2025-03-20T18:55:51.537+05:30 DEBUG 7196 --- [eLibraray] [           main] o.h.t.d.sql.spi.DdlTypeRegistry          : addDescriptor(2005, org.hibernate.type.descriptor.sql.internal.CapacityDependentDdlType@7a7f9d45) replaced previous registration(org.hibernate.type.descriptor.sql.internal.DdlTypeImpl@772cf46b)
2025-03-20T18:55:51.537+05:30 DEBUG 7196 --- [eLibraray] [           main] o.h.t.d.sql.spi.DdlTypeRegistry          : addDescriptor(2011, org.hibernate.type.descriptor.sql.internal.CapacityDependentDdlType@1b98355f) replaced previous registration(org.hibernate.type.descriptor.sql.internal.DdlTypeImpl@949d347)
2025-03-20T18:55:51.539+05:30 DEBUG 7196 --- [eLibraray] [           main] o.h.t.d.jdbc.spi.JdbcTypeRegistry        : addDescriptor(NCharTypeDescriptor) replaced previous registration(CharTypeDescriptor)
2025-03-20T18:55:51.539+05:30 DEBUG 7196 --- [eLibraray] [           main] o.h.t.d.jdbc.spi.JdbcTypeRegistry        : addDescriptor(NVarcharTypeDescriptor) replaced previous registration(VarcharTypeDescriptor)
2025-03-20T18:55:51.540+05:30 DEBUG 7196 --- [eLibraray] [           main] o.h.t.d.jdbc.spi.JdbcTypeRegistry        : addDescriptor(LongNVarcharTypeDescriptor) replaced previous registration(LongVarcharTypeDescriptor)
2025-03-20T18:55:51.542+05:30 DEBUG 7196 --- [eLibraray] [           main] o.h.t.d.jdbc.spi.JdbcTypeRegistry        : addDescriptor(NClobTypeDescriptor(DEFAULT)) replaced previous registration(ClobTypeDescriptor(DEFAULT))
2025-03-20T18:55:51.542+05:30 DEBUG 7196 --- [eLibraray] [           main] o.h.t.d.jdbc.spi.JdbcTypeRegistry        : addDescriptor(2005, ClobTypeDescriptor(STREAM_BINDING)) replaced previous registration(ClobTypeDescriptor(DEFAULT))
2025-03-20T18:55:51.546+05:30 DEBUG 7196 --- [eLibraray] [           main] org.hibernate.type.BasicTypeRegistry     : Adding type registration null -> org.hibernate.type.NullType@7c9ea1d0
2025-03-20T18:55:51.546+05:30 DEBUG 7196 --- [eLibraray] [           main] org.hibernate.type.BasicTypeRegistry     : Type registration key [null] overrode previous entry : `org.hibernate.type.NullType@7be94cd6`
2025-03-20T18:55:51.550+05:30 DEBUG 7196 --- [eLibraray] [           main] org.hibernate.type.BasicTypeRegistry     : Adding type registration org.hibernate.type.DurationType -> basicType@1(java.time.Duration,3015)
2025-03-20T18:55:51.550+05:30 DEBUG 7196 --- [eLibraray] [           main] org.hibernate.type.BasicTypeRegistry     : Adding type registration Duration -> basicType@1(java.time.Duration,3015)
2025-03-20T18:55:51.550+05:30 DEBUG 7196 --- [eLibraray] [           main] org.hibernate.type.BasicTypeRegistry     : Adding type registration java.time.Duration -> basicType@1(java.time.Duration,3015)
2025-03-20T18:55:51.553+05:30 DEBUG 7196 --- [eLibraray] [           main] org.hibernate.type.BasicTypeRegistry     : Adding type registration org.hibernate.type.OffsetDateTimeType -> basicType@2(java.time.OffsetDateTime,3003)
2025-03-20T18:55:51.554+05:30 DEBUG 7196 --- [eLibraray] [           main] org.hibernate.type.BasicTypeRegistry     : Adding type registration OffsetDateTime -> basicType@2(java.time.OffsetDateTime,3003)
2025-03-20T18:55:51.554+05:30 DEBUG 7196 --- [eLibraray] [           main] org.hibernate.type.BasicTypeRegistry     : Adding type registration java.time.OffsetDateTime -> basicType@2(java.time.OffsetDateTime,3003)
2025-03-20T18:55:51.554+05:30 DEBUG 7196 --- [eLibraray] [           main] org.hibernate.type.BasicTypeRegistry     : Adding type registration org.hibernate.type.ZonedDateTimeType -> basicType@3(java.time.ZonedDateTime,3003)
2025-03-20T18:55:51.554+05:30 DEBUG 7196 --- [eLibraray] [           main] org.hibernate.type.BasicTypeRegistry     : Adding type registration ZonedDateTime -> basicType@3(java.time.ZonedDateTime,3003)
2025-03-20T18:55:51.554+05:30 DEBUG 7196 --- [eLibraray] [           main] org.hibernate.type.BasicTypeRegistry     : Adding type registration java.time.ZonedDateTime -> basicType@3(java.time.ZonedDateTime,3003)
2025-03-20T18:55:51.555+05:30 DEBUG 7196 --- [eLibraray] [           main] org.hibernate.type.BasicTypeRegistry     : Adding type registration org.hibernate.type.OffsetTimeType -> basicType@4(java.time.OffsetTime,3007)
2025-03-20T18:55:51.555+05:30 DEBUG 7196 --- [eLibraray] [           main] org.hibernate.type.BasicTypeRegistry     : Adding type registration OffsetTime -> basicType@4(java.time.OffsetTime,3007)
2025-03-20T18:55:51.555+05:30 DEBUG 7196 --- [eLibraray] [           main] org.hibernate.type.BasicTypeRegistry     : Adding type registration java.time.OffsetTime -> basicType@4(java.time.OffsetTime,3007)
2025-03-20T18:55:51.556+05:30 DEBUG 7196 --- [eLibraray] [           main] o.h.type.spi.TypeConfiguration$Scope     : Scoping TypeConfiguration [org.hibernate.type.spi.TypeConfiguration@647ff23e] to MetadataBuildingContext [org.hibernate.boot.internal.MetadataBuildingContextRootImpl@6a04d2a4]
2025-03-20T18:55:52.457+05:30  INFO 7196 --- [eLibraray] [           main] o.h.e.t.j.p.i.JtaPlatformInitiator       : HHH000489: No JTA platform available (set 'hibernate.transaction.jta.platform' to enable JTA platform integration)
2025-03-20T18:55:52.457+05:30 DEBUG 7196 --- [eLibraray] [           main] o.h.type.spi.TypeConfiguration$Scope     : Scoping TypeConfiguration [org.hibernate.type.spi.TypeConfiguration@647ff23e] to SessionFactoryImplementor [org.hibernate.internal.SessionFactoryImpl@5c04ec8]
2025-03-20T18:55:52.754+05:30 TRACE 7196 --- [eLibraray] [           main] o.h.type.spi.TypeConfiguration$Scope     : Handling #sessionFactoryCreated from [org.hibernate.internal.SessionFactoryImpl@5c04ec8] for TypeConfiguration
2025-03-20T18:55:52.754+05:30  INFO 7196 --- [eLibraray] [           main] j.LocalContainerEntityManagerFactoryBean : Initialized JPA EntityManagerFactory for persistence unit 'default'
2025-03-20T18:55:53.209+05:30  WARN 7196 --- [eLibraray] [           main] JpaBaseConfiguration$JpaWebConfiguration : spring.jpa.open-in-view is enabled by default. Therefore, database queries may be performed during view rendering. Explicitly configure spring.jpa.open-in-view to disable this warning
2025-03-20T18:55:53.235+05:30  INFO 7196 --- [eLibraray] [           main] r$InitializeUserDetailsManagerConfigurer : Global AuthenticationManager configured with UserDetailsService bean with name customUserDetailsService
2025-03-20T18:55:53.322+05:30  INFO 7196 --- [eLibraray] [           main] o.s.b.a.w.s.WelcomePageHandlerMapping    : Adding welcome page template: index
2025-03-20T18:55:53.937+05:30  INFO 7196 --- [eLibraray] [           main] com.ELS.eLibraray.eLibrarayTests         : Started eLibrarayTests in 5.772 seconds (process running for 7.861)
]]></system-out>
  </testcase>
</testsuite>